#
# A fatal error has been detected by the Java Runtime Environment:
#
#  SIGSEGV (0xb) at pc=0x0000000102691d1e, pid=29618, tid=17155
#
# JRE version: Java(TM) SE Runtime Environment (8.0_45-b14) (build 1.8.0_45-b14)
# Java VM: Java HotSpot(TM) 64-Bit Server VM (25.45-b02 mixed mode bsd-amd64 compressed oops)
# Problematic frame:
# V  [libjvm.dylib+0x432d1e]  Method::checked_resolve_jmethod_id(_jmethodID*)+0x1c
#
# Failed to write core dump. Core dumps have been disabled. To enable core dumping, try "ulimit -c unlimited" before starting Java again
#
# If you would like to submit a bug report, please visit:
#   http://bugreport.java.com/bugreport/crash.jsp
#

---------------  T H R E A D  ---------------

Current thread (0x00007fbe02808000):  JavaThread "JDWP Transport Listener: dt_socket" daemon [_thread_in_vm, id=17155, stack(0x0000700000fdc000,0x00007000010dc000)]

siginfo: si_signo: 11 (SIGSEGV), si_code: 0 (unknown), si_addr: 0x0000000000000000

Registers:
RAX=0x0000000000000001, RBX=0x7fff93cea7f00000, RCX=0x0000000102a59190, RDX=0x00007000010dba8b
RSP=0x00007000010db9d0, RBP=0x00007000010db9e0, RSI=0x00007fbe02808000, RDI=0x00007fbe01d00006
R8 =0x0000000000000000, R9 =0x00007fbe01d1fc20, R10=0x0000000000000001, R11=0x0000000000000001
R12=0x00007fbe02808000, R13=0x00007fbe01d00006, R14=0x00007fbe01d00006, R15=0x00007fbe01c0a060
RIP=0x0000000102691d1e, EFLAGS=0x0000000000010216, ERR=0x0000000000000000
  TRAPNO=0x000000000000000d

Top of Stack: (sp=0x00007000010db9d0)
0x00007000010db9d0:   00007000010dba8b 00007000010dba8b
0x00007000010db9e0:   00007000010dba40 00000001025a20d6
0x00007000010db9f0:   00007fbe02808000 0000000000000000
0x00007000010dba00:   0000000000000000 0000000000000000
0x00007000010dba10:   00007fbe02808000 00007fbe02808000
0x00007000010dba20:   00007000010dba8b 00007000010dba90
0x00007000010dba30:   00007fbe01d00006 0000000000000002
0x00007000010dba40:   00007000010dba60 000000010322c780
0x00007000010dba50:   0000000000000001 00007000010dbb08
0x00007000010dba60:   00007000010dbad0 00000001032111f3
0x00007000010dba70:   00007000010dbaa0 00007fbe01d1ec80
0x00007000010dba80:   0000000300000032 00000009000dbb08
0x00007000010dba90:   0000000000000000 0000000000000000
0x00007000010dbaa0:   0000000000000000 00007000010dbc90
0x00007000010dbab0:   0000000103233e7a 00007fbe01f441a0
0x00007000010dbac0:   00007000010dbb08 000000010323f598
0x00007000010dbad0:   00007000010dbae0 00000001032112ec
0x00007000010dbae0:   00007000010dbd00 000000010321a898
0x00007000010dbaf0:   000036b500000013 00000000000f0200
0x00007000010dbb00:   00007fbe01f42590 00007000010dbbd5
0x00007000010dbb10:   00007fbe000000af 00007000010dbb20
0x00007000010dbb20:   00007fbe0000007d 00007000010dbb58
0x00007000010dbb30:   0000000000000000 0000000000000000
0x00007000010dbb40:   000036b50000000f 00007fbe0000aa80
0x00007000010dbb50:   00007000010dbb58 be7f000003000000
0x00007000010dbb60:   08000000c80fd101 30246164626d616c
0x00007000010dbb70:   616a4c2827000000 2f676e616c2f6176
0x00007000010dbb80:   4c3b676e69727453 6e616c2f6176616a
0x00007000010dbb90:   676e697274532f67 f00000000056293b
0x00007000010dbba0:   01be7f00000a1000 6d04000000b80fd1
0x00007000010dbbb0:   28160000006e6961 6c2f6176616a4c5b
0x00007000010dbbc0:   697274532f676e61 00000056293b676e 

Instructions: (pc=0x0000000102691d1e)
0x0000000102691cfe:   31 c0 5d c3 55 48 89 e5 53 48 83 ec 08 48 85 ff
0x0000000102691d0e:   74 24 48 8b 1f 48 85 db 74 1c 48 83 fb 37 74 16
0x0000000102691d1e:   48 8b 03 48 89 df ff 50 10 84 c0 b8 00 00 00 00
0x0000000102691d2e:   48 0f 45 c3 eb 02 31 c0 48 83 c4 08 5b 5d c3 90 

Register to memory mapping:

RAX=0x0000000000000001 is an unknown value
RBX=0x7fff93cea7f00000 is an unknown value
RCX=0x0000000102a59190: UseMembar+0 in /Library/Java/JavaVirtualMachines/jdk1.8.0_45.jdk/Contents/Home/jre/lib/server/libjvm.dylib at 0x000000010225f000
RDX=0x00007000010dba8b is pointing into the stack for thread: 0x00007fbe02808000
RSP=0x00007000010db9d0 is pointing into the stack for thread: 0x00007fbe02808000
RBP=0x00007000010db9e0 is pointing into the stack for thread: 0x00007fbe02808000
RSI=0x00007fbe02808000 is a thread
RDI=0x00007fbe01d00006 is an unknown value
R8 =0x0000000000000000 is an unknown value
R9 =0x00007fbe01d1fc20 is an unknown value
R10=0x0000000000000001 is an unknown value
R11=0x0000000000000001 is an unknown value
R12=0x00007fbe02808000 is a thread
R13=0x00007fbe01d00006 is an unknown value
R14=0x00007fbe01d00006 is an unknown value
R15=0x00007fbe01c0a060 is an unknown value


Stack: [0x0000700000fdc000,0x00007000010dc000],  sp=0x00007000010db9d0,  free space=1022k
Native frames: (J=compiled Java code, j=interpreted, Vv=VM code, C=native code)
V  [libjvm.dylib+0x432d1e]  Method::checked_resolve_jmethod_id(_jmethodID*)+0x1c
V  [libjvm.dylib+0x3430d6]  jvmti_IsMethodSynthetic+0xb2
C  [libjdwp.dylib+0x20780]  isMethodSynthetic+0x63
C  [libjdwp.dylib+0x51f3]  methods1+0x10b
C  [libjdwp.dylib+0x52ec]  methodsWithGeneric+0xe
C  [libjdwp.dylib+0xe898]  debugLoop_run+0x1ce
C  [libjdwp.dylib+0x1f6ba]  attachThread+0x4d
V  [libjvm.dylib+0x38401c]  JvmtiAgentThread::call_start_function()+0x38
V  [libjvm.dylib+0x549acf]  JavaThread::thread_main_inner()+0x9b
V  [libjvm.dylib+0x54b1c0]  JavaThread::run()+0x1c2
V  [libjvm.dylib+0x46ea7e]  java_start(Thread*)+0xf6
C  [libsystem_pthread.dylib+0x39af]  _pthread_body+0xb4
C  [libsystem_pthread.dylib+0x38fb]  _pthread_body+0x0
C  [libsystem_pthread.dylib+0x3101]  thread_start+0xd
C  0x0000000000000000


---------------  P R O C E S S  ---------------

Java Threads: ( => current thread )
  0x00007fbe0386c800 JavaThread "Service Thread" daemon [_thread_blocked, id=20227, stack(0x00007000015ee000,0x00007000016ee000)]
  0x00007fbe0303a800 JavaThread "C1 CompilerThread2" daemon [_thread_blocked, id=19715, stack(0x00007000014eb000,0x00007000015eb000)]
  0x00007fbe0303a000 JavaThread "C2 CompilerThread1" daemon [_thread_blocked, id=19203, stack(0x00007000013e8000,0x00007000014e8000)]
  0x00007fbe02027800 JavaThread "C2 CompilerThread0" daemon [_thread_blocked, id=18691, stack(0x00007000012e5000,0x00007000013e5000)]
  0x00007fbe0202a800 JavaThread "JDWP Command Reader" daemon [_thread_in_native, id=18179, stack(0x00007000011e2000,0x00007000012e2000)]
  0x00007fbe0303e000 JavaThread "JDWP Event Helper Thread" daemon [_thread_blocked, id=17667, stack(0x00007000010df000,0x00007000011df000)]
=>0x00007fbe02808000 JavaThread "JDWP Transport Listener: dt_socket" daemon [_thread_in_vm, id=17155, stack(0x0000700000fdc000,0x00007000010dc000)]
  0x00007fbe0200c000 JavaThread "Signal Dispatcher" daemon [_thread_blocked, id=16643, stack(0x0000700000ed9000,0x0000700000fd9000)]
  0x00007fbe03039000 JavaThread "Finalizer" daemon [_thread_blocked, id=12547, stack(0x0000700000dd6000,0x0000700000ed6000)]
  0x00007fbe0382c000 JavaThread "Reference Handler" daemon [_thread_blocked, id=12035, stack(0x0000700000cd3000,0x0000700000dd3000)]
  0x00007fbe03801800 JavaThread "main" [_thread_blocked, id=3587, stack(0x0000700000538000,0x0000700000638000)]

Other Threads:
  0x00007fbe03829800 VMThread [stack: 0x0000700000bd0000,0x0000700000cd0000] [id=11523]
  0x00007fbe02808800 WatcherThread [stack: 0x00007000016f1000,0x00007000017f1000] [id=20739]

VM state:not at safepoint (normal execution)

VM Mutex/Monitor currently owned by a thread: None

Heap:
 PSYoungGen      total 38400K, used 3328K [0x0000000795580000, 0x0000000798000000, 0x00000007c0000000)
  eden space 33280K, 10% used [0x0000000795580000,0x00000007958c01f8,0x0000000797600000)
  from space 5120K, 0% used [0x0000000797b00000,0x0000000797b00000,0x0000000798000000)
  to   space 5120K, 0% used [0x0000000797600000,0x0000000797600000,0x0000000797b00000)
 ParOldGen       total 87552K, used 0K [0x0000000740000000, 0x0000000745580000, 0x0000000795580000)
  object space 87552K, 0% used [0x0000000740000000,0x0000000740000000,0x0000000745580000)
 Metaspace       used 3043K, capacity 4564K, committed 4864K, reserved 1056768K
  class space    used 328K, capacity 388K, committed 512K, reserved 1048576K

Card table byte_map: [0x0000000103fc0000,0x00000001043c1000] byte_map_base: 0x00000001005c0000

Marking Bits: (ParMarkBitMap*) 0x0000000102b217a0
 Begin Bits: [0x000000010466c000, 0x000000010666c000)
 End Bits:   [0x000000010666c000, 0x000000010866c000)

Polling page: 0x000000010320b000

CodeCache: size=245760Kb used=1171Kb max_used=1171Kb free=244588Kb
 bounds [0x000000010d71a000, 0x000000010d98a000, 0x000000011c71a000]
 total_blobs=296 nmethods=58 adapters=160
 compilation: enabled

Compilation events (10 events):
Event: 0.392 Thread 0x00007fbe0303a800   54       3       java.lang.StringCoding::deref (19 bytes)
Event: 0.392 Thread 0x00007fbe0303a800 nmethod 54 0x000000010d83c990 code [0x000000010d83cb20, 0x000000010d83cf68]
Event: 0.392 Thread 0x00007fbe0303a800   55       3       java.lang.ThreadLocal::get (38 bytes)
Event: 0.392 Thread 0x00007fbe0303a800 nmethod 55 0x000000010d83d0d0 code [0x000000010d83d260, 0x000000010d83d5d8]
Event: 0.392 Thread 0x00007fbe0303a800   56       3       java.lang.AbstractStringBuilder::expandCapacity (50 bytes)
Event: 0.393 Thread 0x00007fbe0303a800 nmethod 56 0x000000010d83d7d0 code [0x000000010d83d980, 0x000000010d83def8]
Event: 0.394 Thread 0x00007fbe0303a800   57       3       java.nio.charset.CharsetEncoder::maxBytesPerChar (5 bytes)
Event: 0.394 Thread 0x00007fbe0303a800 nmethod 57 0x000000010d83e150 code [0x000000010d83e2a0, 0x000000010d83e3f0]
Event: 0.451 Thread 0x00007fbe0303a800   58       1       java.nio.Buffer::position (5 bytes)
Event: 0.451 Thread 0x00007fbe0303a800 nmethod 58 0x000000010d83ea90 code [0x000000010d83ebe0, 0x000000010d83ecf0]

GC Heap History (0 events):
No events

Deoptimization events (1 events):
Event: 0.395 Thread 0x00007fbe03801800 Uncommon trap: reason=unstable_if action=reinterpret pc=0x000000010d83c2cc method=java.lang.String.hashCode()I @ 14

Internal exceptions (2 events):
Event: 0.063 Thread 0x00007fbe03801800 Exception <a 'java/lang/NoSuchMethodError': Method sun.misc.Unsafe.defineClass(Ljava/lang/String;[BII)Ljava/lang/Class; name or signature does not match> (0x00000007955929c0) thrown at [/Users/java_re/workspace/8-2-build-macosx-x86_64/jdk8u45/3457/hotspot
Event: 0.063 Thread 0x00007fbe03801800 Exception <a 'java/lang/NoSuchMethodError': Method sun.misc.Unsafe.prefetchRead(Ljava/lang/Object;J)V name or signature does not match> (0x0000000795592c50) thrown at [/Users/java_re/workspace/8-2-build-macosx-x86_64/jdk8u45/3457/hotspot/src/share/vm/prim

Events (10 events):
Event: 5941.976 Executing VM operation: ChangeBreakpoints
Event: 5941.976 Executing VM operation: ChangeBreakpoints done
Event: 5941.977 Executing VM operation: ChangeBreakpoints
Event: 5941.977 Executing VM operation: ChangeBreakpoints done
Event: 5941.977 Executing VM operation: ChangeBreakpoints
Event: 5941.977 Executing VM operation: ChangeBreakpoints done
Event: 5941.980 Executing VM operation: RedefineClasses
Event: 5941.981 Executing VM operation: RedefineClasses done
Event: 5941.982 Executing VM operation: GetOrSetLocal
Event: 5941.983 Executing VM operation: GetOrSetLocal done


Dynamic libraries:
0x00000000038fb000 	/System/Library/Frameworks/Cocoa.framework/Versions/A/Cocoa
0x00000000038fb000 	/System/Library/Frameworks/Security.framework/Versions/A/Security
0x00000000038fb000 	/System/Library/Frameworks/ApplicationServices.framework/Versions/A/ApplicationServices
0x00000000038fb000 	/usr/lib/libz.1.dylib
0x00000000038fb000 	/usr/lib/libSystem.B.dylib
0x00000000038fb000 	/usr/lib/libobjc.A.dylib
0x00000000038fb000 	/System/Library/Frameworks/CoreFoundation.framework/Versions/A/CoreFoundation
0x00000000038fb000 	/System/Library/Frameworks/Foundation.framework/Versions/C/Foundation
0x00000000038fb000 	/System/Library/Frameworks/AppKit.framework/Versions/C/AppKit
0x00000000038fb000 	/System/Library/Frameworks/CoreData.framework/Versions/A/CoreData
0x00000000038fb000 	/System/Library/PrivateFrameworks/RemoteViewServices.framework/Versions/A/RemoteViewServices
0x00000000038fb000 	/System/Library/PrivateFrameworks/UIFoundation.framework/Versions/A/UIFoundation
0x00000000038fb000 	/System/Library/PrivateFrameworks/DFRFoundation.framework/Versions/A/DFRFoundation
0x00000000038fb000 	/usr/lib/libenergytrace.dylib
0x00000000038fb000 	/System/Library/PrivateFrameworks/SkyLight.framework/Versions/A/SkyLight
0x00000000038fb000 	/System/Library/Frameworks/CoreGraphics.framework/Versions/A/CoreGraphics
0x00000000038fb000 	/usr/lib/libScreenReader.dylib
0x00000000038fb000 	/System/Library/Frameworks/Accelerate.framework/Versions/A/Accelerate
0x00000000038fb000 	/System/Library/Frameworks/IOSurface.framework/Versions/A/IOSurface
0x00000000038fb000 	/System/Library/Frameworks/AudioToolbox.framework/Versions/A/AudioToolbox
0x00000000038fb000 	/System/Library/Frameworks/AudioUnit.framework/Versions/A/AudioUnit
0x00000000038fb000 	/System/Library/PrivateFrameworks/DataDetectorsCore.framework/Versions/A/DataDetectorsCore
0x00000000038fb000 	/System/Library/PrivateFrameworks/DesktopServicesPriv.framework/Versions/A/DesktopServicesPriv
0x00000000038fb000 	/System/Library/Frameworks/Carbon.framework/Versions/A/Frameworks/HIToolbox.framework/Versions/A/HIToolbox
0x00000000038fb000 	/usr/lib/libicucore.A.dylib
0x00000000038fb000 	/System/Library/Frameworks/QuartzCore.framework/Versions/A/QuartzCore
0x00000000038fb000 	/System/Library/Frameworks/Carbon.framework/Versions/A/Frameworks/SpeechRecognition.framework/Versions/A/SpeechRecognition
0x00000000038fb000 	/usr/lib/libauto.dylib
0x00000000038fb000 	/usr/lib/libxml2.2.dylib
0x00000000038fb000 	/System/Library/PrivateFrameworks/CoreUI.framework/Versions/A/CoreUI
0x00000000038fb000 	/System/Library/Frameworks/CoreAudio.framework/Versions/A/CoreAudio
0x00000000038fb000 	/System/Library/Frameworks/DiskArbitration.framework/Versions/A/DiskArbitration
0x00000000038fb000 	/usr/lib/liblangid.dylib
0x00000000038fb000 	/System/Library/PrivateFrameworks/MultitouchSupport.framework/Versions/A/MultitouchSupport
0x00000000038fb000 	/System/Library/Frameworks/IOKit.framework/Versions/A/IOKit
0x00000000038fb000 	/usr/lib/libDiagnosticMessagesClient.dylib
0x00000000038fb000 	/System/Library/Frameworks/CoreServices.framework/Versions/A/CoreServices
0x00000000038fb000 	/System/Library/PrivateFrameworks/PerformanceAnalysis.framework/Versions/A/PerformanceAnalysis
0x00000000038fb000 	/System/Library/PrivateFrameworks/GenerationalStorage.framework/Versions/A/GenerationalStorage
0x00000000038fb000 	/System/Library/Frameworks/OpenGL.framework/Versions/A/OpenGL
0x00000000038fb000 	/System/Library/Frameworks/CoreImage.framework/Versions/A/CoreImage
0x00000000038fb000 	/System/Library/Frameworks/CoreText.framework/Versions/A/CoreText
0x00000000038fb000 	/System/Library/Frameworks/ImageIO.framework/Versions/A/ImageIO
0x00000000038fb000 	/System/Library/PrivateFrameworks/Backup.framework/Versions/A/Backup
0x00000000038fb000 	/usr/lib/libarchive.2.dylib
0x00000000038fb000 	/System/Library/Frameworks/CFNetwork.framework/Versions/A/CFNetwork
0x00000000038fb000 	/System/Library/Frameworks/SystemConfiguration.framework/Versions/A/SystemConfiguration
0x00000000038fb000 	/usr/lib/libCRFSuite.dylib
0x00000000038fb000 	/usr/lib/libc++.1.dylib
0x00000000038fb000 	/usr/lib/libc++abi.dylib
0x00000000038fb000 	/usr/lib/system/libcache.dylib
0x00000000038fb000 	/usr/lib/system/libcommonCrypto.dylib
0x00000000038fb000 	/usr/lib/system/libcompiler_rt.dylib
0x00000000038fb000 	/usr/lib/system/libcopyfile.dylib
0x00000000038fb000 	/usr/lib/system/libcorecrypto.dylib
0x00000000038fb000 	/usr/lib/system/libdispatch.dylib
0x00000000038fb000 	/usr/lib/system/libdyld.dylib
0x00000000038fb000 	/usr/lib/system/libkeymgr.dylib
0x00000000038fb000 	/usr/lib/system/liblaunch.dylib
0x00000000038fb000 	/usr/lib/system/libmacho.dylib
0x00000000038fb000 	/usr/lib/system/libquarantine.dylib
0x00000000038fb000 	/usr/lib/system/libremovefile.dylib
0x00000000038fb000 	/usr/lib/system/libsystem_asl.dylib
0x00000000038fb000 	/usr/lib/system/libsystem_blocks.dylib
0x00000000038fb000 	/usr/lib/system/libsystem_c.dylib
0x00000000038fb000 	/usr/lib/system/libsystem_configuration.dylib
0x00000000038fb000 	/usr/lib/system/libsystem_coreservices.dylib
0x00000000038fb000 	/usr/lib/system/libsystem_coretls.dylib
0x00000000038fb000 	/usr/lib/system/libsystem_dnssd.dylib
0x00000000038fb000 	/usr/lib/system/libsystem_info.dylib
0x00000000038fb000 	/usr/lib/system/libsystem_kernel.dylib
0x00000000038fb000 	/usr/lib/system/libsystem_m.dylib
0x00000000038fb000 	/usr/lib/system/libsystem_malloc.dylib
0x00000000038fb000 	/usr/lib/system/libsystem_network.dylib
0x00000000038fb000 	/usr/lib/system/libsystem_networkextension.dylib
0x00000000038fb000 	/usr/lib/system/libsystem_notify.dylib
0x00000000038fb000 	/usr/lib/system/libsystem_platform.dylib
0x00000000038fb000 	/usr/lib/system/libsystem_pthread.dylib
0x00000000038fb000 	/usr/lib/system/libsystem_sandbox.dylib
0x00000000038fb000 	/usr/lib/system/libsystem_secinit.dylib
0x00000000038fb000 	/usr/lib/system/libsystem_symptoms.dylib
0x00000000038fb000 	/usr/lib/system/libsystem_trace.dylib
0x00000000038fb000 	/usr/lib/system/libunwind.dylib
0x00000000038fb000 	/usr/lib/system/libxpc.dylib
0x00000000038fb000 	/usr/lib/libbsm.0.dylib
0x00000000038fb000 	/usr/lib/system/libkxld.dylib
0x00000000038fb000 	/usr/lib/libcoretls.dylib
0x00000000038fb000 	/usr/lib/libcoretls_cfhelpers.dylib
0x00000000038fb000 	/usr/lib/libOpenScriptingUtil.dylib
0x00000000038fb000 	/usr/lib/libpam.2.dylib
0x00000000038fb000 	/usr/lib/libsqlite3.dylib
0x00000000038fb000 	/usr/lib/libxar.1.dylib
0x00000000038fb000 	/usr/lib/libbz2.1.0.dylib
0x00000000038fb000 	/usr/lib/liblzma.5.dylib
0x00000000038fb000 	/usr/lib/libnetwork.dylib
0x00000000038fb000 	/usr/lib/libpcap.A.dylib
0x00000000038fb000 	/System/Library/Frameworks/CoreServices.framework/Versions/A/Frameworks/FSEvents.framework/Versions/A/FSEvents
0x00000000038fb000 	/System/Library/Frameworks/CoreServices.framework/Versions/A/Frameworks/CarbonCore.framework/Versions/A/CarbonCore
0x00000000038fb000 	/System/Library/Frameworks/CoreServices.framework/Versions/A/Frameworks/Metadata.framework/Versions/A/Metadata
0x00000000038fb000 	/System/Library/Frameworks/CoreServices.framework/Versions/A/Frameworks/OSServices.framework/Versions/A/OSServices
0x00000000038fb000 	/System/Library/Frameworks/CoreServices.framework/Versions/A/Frameworks/SearchKit.framework/Versions/A/SearchKit
0x00000000038fb000 	/System/Library/Frameworks/CoreServices.framework/Versions/A/Frameworks/AE.framework/Versions/A/AE
0x00000000038fb000 	/System/Library/Frameworks/CoreServices.framework/Versions/A/Frameworks/LaunchServices.framework/Versions/A/LaunchServices
0x00000000038fb000 	/System/Library/Frameworks/CoreServices.framework/Versions/A/Frameworks/DictionaryServices.framework/Versions/A/DictionaryServices
0x00000000038fb000 	/System/Library/Frameworks/CoreServices.framework/Versions/A/Frameworks/SharedFileList.framework/Versions/A/SharedFileList
0x00000000038fb000 	/System/Library/Frameworks/NetFS.framework/Versions/A/NetFS
0x00000000038fb000 	/System/Library/PrivateFrameworks/NetAuth.framework/Versions/A/NetAuth
0x00000000038fb000 	/System/Library/PrivateFrameworks/login.framework/Versions/A/Frameworks/loginsupport.framework/Versions/A/loginsupport
0x00000000038fb000 	/System/Library/PrivateFrameworks/TCC.framework/Versions/A/TCC
0x00000000038fb000 	/usr/lib/libmecabra.dylib
0x00000000038fb000 	/System/Library/Frameworks/ApplicationServices.framework/Versions/A/Frameworks/ATS.framework/Versions/A/ATS
0x00000000038fb000 	/System/Library/Frameworks/ApplicationServices.framework/Versions/A/Frameworks/ColorSync.framework/Versions/A/ColorSync
0x00000000038fb000 	/System/Library/Frameworks/ApplicationServices.framework/Versions/A/Frameworks/HIServices.framework/Versions/A/HIServices
0x00000000038fb000 	/System/Library/Frameworks/ApplicationServices.framework/Versions/A/Frameworks/LangAnalysis.framework/Versions/A/LangAnalysis
0x00000000038fb000 	/System/Library/Frameworks/ApplicationServices.framework/Versions/A/Frameworks/PrintCore.framework/Versions/A/PrintCore
0x00000000038fb000 	/System/Library/Frameworks/ApplicationServices.framework/Versions/A/Frameworks/QD.framework/Versions/A/QD
0x00000000038fb000 	/System/Library/Frameworks/ApplicationServices.framework/Versions/A/Frameworks/SpeechSynthesis.framework/Versions/A/SpeechSynthesis
0x00000000038fb000 	/System/Library/Frameworks/Accelerate.framework/Versions/A/Frameworks/vImage.framework/Versions/A/vImage
0x00000000038fb000 	/System/Library/Frameworks/Accelerate.framework/Versions/A/Frameworks/vecLib.framework/Versions/A/vecLib
0x00000000038fb000 	/System/Library/Frameworks/Accelerate.framework/Versions/A/Frameworks/vecLib.framework/Versions/A/libvDSP.dylib
0x00000000038fb000 	/System/Library/Frameworks/Accelerate.framework/Versions/A/Frameworks/vecLib.framework/Versions/A/libBNNS.dylib
0x00000000038fb000 	/System/Library/Frameworks/Accelerate.framework/Versions/A/Frameworks/vecLib.framework/Versions/A/libQuadrature.dylib
0x00000000038fb000 	/System/Library/Frameworks/Accelerate.framework/Versions/A/Frameworks/vecLib.framework/Versions/A/libvMisc.dylib
0x00000000038fb000 	/System/Library/Frameworks/Accelerate.framework/Versions/A/Frameworks/vecLib.framework/Versions/A/libLAPACK.dylib
0x00000000038fb000 	/System/Library/Frameworks/Accelerate.framework/Versions/A/Frameworks/vecLib.framework/Versions/A/libBLAS.dylib
0x00000000038fb000 	/System/Library/Frameworks/Accelerate.framework/Versions/A/Frameworks/vecLib.framework/Versions/A/libLinearAlgebra.dylib
0x00000000038fb000 	/System/Library/Frameworks/Accelerate.framework/Versions/A/Frameworks/vecLib.framework/Versions/A/libSparseBLAS.dylib
0x00000000038fb000 	/System/Library/Frameworks/ApplicationServices.framework/Versions/A/Frameworks/ATS.framework/Versions/A/Resources/libFontParser.dylib
0x00000000038fb000 	/System/Library/Frameworks/ApplicationServices.framework/Versions/A/Frameworks/ATS.framework/Versions/A/Resources/libFontRegistry.dylib
0x00000000038fb000 	/System/Library/Frameworks/ImageIO.framework/Versions/A/Resources/libJPEG.dylib
0x00000000038fb000 	/System/Library/Frameworks/ImageIO.framework/Versions/A/Resources/libTIFF.dylib
0x00000000038fb000 	/System/Library/Frameworks/ImageIO.framework/Versions/A/Resources/libPng.dylib
0x00000000038fb000 	/System/Library/Frameworks/ImageIO.framework/Versions/A/Resources/libGIF.dylib
0x00000000038fb000 	/System/Library/Frameworks/ImageIO.framework/Versions/A/Resources/libJP2.dylib
0x00000000038fb000 	/System/Library/Frameworks/ImageIO.framework/Versions/A/Resources/libRadiance.dylib
0x00000000038fb000 	/usr/lib/libcompression.dylib
0x00000000038fb000 	/System/Library/PrivateFrameworks/AppleJPEG.framework/Versions/A/AppleJPEG
0x00000000038fb000 	/usr/lib/libcups.2.dylib
0x00000000038fb000 	/System/Library/Frameworks/Kerberos.framework/Versions/A/Kerberos
0x00000000038fb000 	/System/Library/Frameworks/GSS.framework/Versions/A/GSS
0x00000000038fb000 	/usr/lib/libresolv.9.dylib
0x00000000038fb000 	/usr/lib/libiconv.2.dylib
0x00000000038fb000 	/System/Library/PrivateFrameworks/Heimdal.framework/Versions/A/Heimdal
0x00000000038fb000 	/usr/lib/libheimdal-asn1.dylib
0x00000000038fb000 	/System/Library/Frameworks/OpenDirectory.framework/Versions/A/OpenDirectory
0x00000000038fb000 	/System/Library/PrivateFrameworks/CommonAuth.framework/Versions/A/CommonAuth
0x00000000038fb000 	/System/Library/Frameworks/OpenDirectory.framework/Versions/A/Frameworks/CFOpenDirectory.framework/Versions/A/CFOpenDirectory
0x00000000038fb000 	/System/Library/Frameworks/SecurityFoundation.framework/Versions/A/SecurityFoundation
0x00000000038fb000 	/System/Library/PrivateFrameworks/LanguageModeling.framework/Versions/A/LanguageModeling
0x00000000038fb000 	/usr/lib/libmarisa.dylib
0x00000000038fb000 	/usr/lib/libChineseTokenizer.dylib
0x00000000038fb000 	/usr/lib/libcmph.dylib
0x00000000038fb000 	/System/Library/PrivateFrameworks/CoreEmoji.framework/Versions/A/CoreEmoji
0x00000000038fb000 	/System/Library/Frameworks/ServiceManagement.framework/Versions/A/ServiceManagement
0x00000000038fb000 	/usr/lib/libxslt.1.dylib
0x00000000038fb000 	/System/Library/Frameworks/Carbon.framework/Versions/A/Frameworks/Ink.framework/Versions/A/Ink
0x00000000038fb000 	/System/Library/PrivateFrameworks/TextureIO.framework/Versions/A/TextureIO
0x00000000038fb000 	/System/Library/Frameworks/Metal.framework/Versions/A/Metal
0x00000000038fb000 	/usr/lib/libate.dylib
0x00000000038fb000 	/System/Library/PrivateFrameworks/GPUCompiler.framework/libmetal_timestamp.dylib
0x00000000038fb000 	/System/Library/Frameworks/OpenGL.framework/Versions/A/Libraries/libCoreFSCache.dylib
0x00000000038fb000 	/System/Library/PrivateFrameworks/IOAccelerator.framework/Versions/A/IOAccelerator
0x00000000038fb000 	/System/Library/Frameworks/CoreVideo.framework/Versions/A/CoreVideo
0x00000000038fb000 	/usr/lib/libFosl_dynamic.dylib
0x00000000038fb000 	/System/Library/PrivateFrameworks/MetalPerformanceShaders.framework/Versions/A/MetalPerformanceShaders
0x00000000038fb000 	/System/Library/PrivateFrameworks/FaceCore.framework/Versions/A/FaceCore
0x00000000038fb000 	/System/Library/Frameworks/OpenCL.framework/Versions/A/OpenCL
0x00000000038fb000 	/System/Library/Frameworks/OpenGL.framework/Versions/A/Libraries/libGLU.dylib
0x00000000038fb000 	/System/Library/Frameworks/OpenGL.framework/Versions/A/Libraries/libGFXShared.dylib
0x00000000038fb000 	/System/Library/Frameworks/OpenGL.framework/Versions/A/Libraries/libGL.dylib
0x00000000038fb000 	/System/Library/Frameworks/OpenGL.framework/Versions/A/Libraries/libGLImage.dylib
0x00000000038fb000 	/System/Library/Frameworks/OpenGL.framework/Versions/A/Libraries/libCVMSPluginSupport.dylib
0x00000000038fb000 	/System/Library/Frameworks/OpenGL.framework/Versions/A/Libraries/libCoreVMClient.dylib
0x00000000038fb000 	/System/Library/PrivateFrameworks/CrashReporterSupport.framework/Versions/A/CrashReporterSupport
0x00000000038fb000 	/System/Library/PrivateFrameworks/Sharing.framework/Versions/A/Sharing
0x00000000038fb000 	/System/Library/PrivateFrameworks/IconServices.framework/Versions/A/IconServices
0x00000000038fb000 	/System/Library/PrivateFrameworks/ProtocolBuffer.framework/Versions/A/ProtocolBuffer
0x00000000038fb000 	/System/Library/PrivateFrameworks/Apple80211.framework/Versions/A/Apple80211
0x00000000038fb000 	/System/Library/Frameworks/CoreWLAN.framework/Versions/A/CoreWLAN
0x00000000038fb000 	/System/Library/PrivateFrameworks/CoreUtils.framework/Versions/A/CoreUtils
0x00000000038fb000 	/System/Library/Frameworks/IOBluetooth.framework/Versions/A/IOBluetooth
0x00000000038fb000 	/System/Library/PrivateFrameworks/CoreWiFi.framework/Versions/A/CoreWiFi
0x00000000038fb000 	/System/Library/Frameworks/CoreBluetooth.framework/Versions/A/CoreBluetooth
0x00000000038fb000 	/System/Library/Frameworks/CoreDisplay.framework/Versions/A/CoreDisplay
0x00000000038fb000 	/System/Library/PrivateFrameworks/IOPresentment.framework/Versions/A/IOPresentment
0x00000000038fb000 	/System/Library/PrivateFrameworks/DSExternalDisplay.framework/Versions/A/DSExternalDisplay
0x00000000038fb000 	/System/Library/PrivateFrameworks/DebugSymbols.framework/Versions/A/DebugSymbols
0x00000000038fb000 	/System/Library/PrivateFrameworks/CoreSymbolication.framework/Versions/A/CoreSymbolication
0x00000000038fb000 	/System/Library/PrivateFrameworks/Symbolication.framework/Versions/A/Symbolication
0x00000000038fb000 	/System/Library/PrivateFrameworks/AppleFSCompression.framework/Versions/A/AppleFSCompression
0x00000000038fb000 	/System/Library/PrivateFrameworks/SpeechRecognitionCore.framework/Versions/A/SpeechRecognitionCore
0x00000000038fb000 	/System/Library/PrivateFrameworks/ChunkingLibrary.framework/Versions/A/ChunkingLibrary
0x000000010221b000 	/System/Library/CoreServices/Encodings/libSimplifiedChineseConverter.dylib
0x000000010225f000 	/Library/Java/JavaVirtualMachines/jdk1.8.0_45.jdk/Contents/Home/jre/lib/server/libjvm.dylib
0x00000000038fb000 	/usr/lib/libstdc++.6.dylib
0x00000001031c8000 	/Library/Java/JavaVirtualMachines/jdk1.8.0_45.jdk/Contents/Home/jre/lib/libverify.dylib
0x00000001031d6000 	/Library/Java/JavaVirtualMachines/jdk1.8.0_45.jdk/Contents/Home/jre/lib/libjava.dylib
0x000000010320c000 	/Library/Java/JavaVirtualMachines/jdk1.8.0_45.jdk/Contents/Home/jre/lib/libjdwp.dylib
0x0000000103257000 	/Library/Java/JavaVirtualMachines/jdk1.8.0_45.jdk/Contents/Home/jre/lib/libnpt.dylib
0x0000000103264000 	/Library/Java/JavaVirtualMachines/jdk1.8.0_45.jdk/Contents/Home/jre/lib/libzip.dylib
0x000000010a3d0000 	/System/Library/Frameworks/JavaVM.framework/Frameworks/JavaRuntimeSupport.framework/JavaRuntimeSupport
0x000000010a3ea000 	/System/Library/Frameworks/JavaVM.framework/Versions/A/Frameworks/JavaNativeFoundation.framework/Versions/A/JavaNativeFoundation
0x000000010a3ff000 	/System/Library/Frameworks/JavaVM.framework/Versions/A/JavaVM
0x00000000038fb000 	/System/Library/Frameworks/Carbon.framework/Versions/A/Carbon
0x000000010a40c000 	/System/Library/PrivateFrameworks/JavaLaunching.framework/Versions/A/JavaLaunching
0x00000000038fb000 	/System/Library/Frameworks/Carbon.framework/Versions/A/Frameworks/CommonPanels.framework/Versions/A/CommonPanels
0x00000000038fb000 	/System/Library/Frameworks/Carbon.framework/Versions/A/Frameworks/Help.framework/Versions/A/Help
0x00000000038fb000 	/System/Library/Frameworks/Carbon.framework/Versions/A/Frameworks/ImageCapture.framework/Versions/A/ImageCapture
0x00000000038fb000 	/System/Library/Frameworks/Carbon.framework/Versions/A/Frameworks/OpenScripting.framework/Versions/A/OpenScripting
0x00000000038fb000 	/System/Library/Frameworks/Carbon.framework/Versions/A/Frameworks/Print.framework/Versions/A/Print
0x00000000038fb000 	/System/Library/Frameworks/Carbon.framework/Versions/A/Frameworks/SecurityHI.framework/Versions/A/SecurityHI
0x000000010bd19000 	/Library/Java/JavaVirtualMachines/jdk1.8.0_45.jdk/Contents/Home/jre/lib/libdt_socket.dylib

VM Arguments:
jvm_args: -agentlib:jdwp=transport=dt_socket,address=127.0.0.1:50328,suspend=y,server=n -Dfile.encoding=UTF-8 
java_command: common.Test
java_class_path (initial): /Library/Java/JavaVirtualMachines/jdk1.8.0_45.jdk/Contents/Home/jre/lib/charsets.jar:/Library/Java/JavaVirtualMachines/jdk1.8.0_45.jdk/Contents/Home/jre/lib/deploy.jar:/Library/Java/JavaVirtualMachines/jdk1.8.0_45.jdk/Contents/Home/jre/lib/ext/cldrdata.jar:/Library/Java/JavaVirtualMachines/jdk1.8.0_45.jdk/Contents/Home/jre/lib/ext/dnsns.jar:/Library/Java/JavaVirtualMachines/jdk1.8.0_45.jdk/Contents/Home/jre/lib/ext/jfxrt.jar:/Library/Java/JavaVirtualMachines/jdk1.8.0_45.jdk/Contents/Home/jre/lib/ext/localedata.jar:/Library/Java/JavaVirtualMachines/jdk1.8.0_45.jdk/Contents/Home/jre/lib/ext/nashorn.jar:/Library/Java/JavaVirtualMachines/jdk1.8.0_45.jdk/Contents/Home/jre/lib/ext/sunec.jar:/Library/Java/JavaVirtualMachines/jdk1.8.0_45.jdk/Contents/Home/jre/lib/ext/sunjce_provider.jar:/Library/Java/JavaVirtualMachines/jdk1.8.0_45.jdk/Contents/Home/jre/lib/ext/sunpkcs11.jar:/Library/Java/JavaVirtualMachines/jdk1.8.0_45.jdk/Contents/Home/jre/lib/ext/zipfs.jar:/Library/Java/JavaVirtualMachines/jdk1.8.0_45.jdk/Contents/Home/jre/lib/javaws.jar:/Library/Java/JavaVirtualMachines/jdk1.8.0_45.jdk/Contents/Home/jre/lib/jce.jar:/Library/Java/JavaVirtualMachines/jdk1.8.0_45.jdk/Contents/Home/jre/lib/jfr.jar:/Library/Java/JavaVirtualMachines/jdk1.8.0_45.jdk/Contents/Home/jre/lib/jfxswt.jar:/Library/Java/JavaVirtualMachines/jdk1.8.0_45.jdk/Contents/Home/jre/lib/jsse.jar:/Library/Java/JavaVirtualMachines/jdk1.8.0_45.jdk/Contents/Home/jre/lib/management-agent.jar:/Library/Java/JavaVirtualMachines/jdk1.8.0_45.jdk/Contents/Home/jre/lib/plugin.jar:/Library/Java/JavaVirtualMachines/jdk1.8.0_45.jdk/Contents/Home/jre/lib/resources.jar:/Library/Java/JavaVirtualMachines/jdk1.8.0_45.jdk/Contents/Home/jre/lib/rt.jar:/Library/Java/JavaVirtualMachines/jdk1.8.0_45.jdk/Contents/Home/lib/ant-javafx.jar:/Library/Java/JavaVirtualMachines/jdk1.8.0_45.jdk/Contents/Home/lib/dt.jar:/Library/Java/JavaVirtualMachines/jdk1.8.0_45.jdk/Contents/Home/lib/javafx-mx.jar:/Library/Java/Jav
Launcher Type: SUN_STANDARD

Environment Variables:
PATH=/usr/local/bin:/usr/bin:/bin:/usr/sbin:/sbin:/Users/david/programe/maven/bin
SHELL=/bin/bash

Signal Handlers:
SIGSEGV: [libjvm.dylib+0x58ef95], sa_mask[0]=11111111011111110111111111111111, sa_flags=SA_ONSTACK|SA_RESTART|SA_SIGINFO
SIGBUS: [libjvm.dylib+0x58ef95], sa_mask[0]=11111111011111110111111111111111, sa_flags=SA_RESTART|SA_SIGINFO
SIGFPE: [libjvm.dylib+0x46c108], sa_mask[0]=11111111011111110111111111111111, sa_flags=SA_RESTART|SA_SIGINFO
SIGPIPE: [libjvm.dylib+0x46c108], sa_mask[0]=11111111011111110111111111111111, sa_flags=SA_RESTART|SA_SIGINFO
SIGXFSZ: [libjvm.dylib+0x46c108], sa_mask[0]=11111111011111110111111111111111, sa_flags=SA_RESTART|SA_SIGINFO
SIGILL: [libjvm.dylib+0x46c108], sa_mask[0]=11111111011111110111111111111111, sa_flags=SA_RESTART|SA_SIGINFO
SIGUSR1: SIG_DFL, sa_mask[0]=00000000000000000000000000000000, sa_flags=none
SIGUSR2: [libjvm.dylib+0x46bc26], sa_mask[0]=00100000000000000000000000000000, sa_flags=SA_RESTART|SA_SIGINFO
SIGHUP: [libjvm.dylib+0x46a1f9], sa_mask[0]=11111111011111110111111111111111, sa_flags=SA_RESTART|SA_SIGINFO
SIGINT: [libjvm.dylib+0x46a1f9], sa_mask[0]=11111111011111110111111111111111, sa_flags=SA_RESTART|SA_SIGINFO
SIGTERM: [libjvm.dylib+0x46a1f9], sa_mask[0]=11111111011111110111111111111111, sa_flags=SA_RESTART|SA_SIGINFO
SIGQUIT: [libjvm.dylib+0x46a1f9], sa_mask[0]=11111111011111110111111111111111, sa_flags=SA_RESTART|SA_SIGINFO


---------------  S Y S T E M  ---------------

OS:Bsduname:Darwin 16.5.0 Darwin Kernel Version 16.5.0: Fri Mar  3 16:52:33 PST 2017; root:xnu-3789.51.2~3/RELEASE_X86_64 x86_64
rlimit: STACK 8192k, CORE 0k, NPROC 709, NOFILE 10240, AS infinity
load average:4.39 3.65 3.34

CPU:total 4 (2 cores per cpu, 2 threads per core) family 6 model 61 stepping 4, cmov, cx8, fxsr, mmx, sse, sse2, sse3, ssse3, sse4.1, sse4.2, popcnt, avx, avx2, aes, clmul, erms, 3dnowpref, lzcnt, ht, tsc, tscinvbit, bmi1, bmi2, adx

Memory: 4k page, physical 8388608k(113616k free)

/proc/meminfo:


vm_info: Java HotSpot(TM) 64-Bit Server VM (25.45-b02) for bsd-amd64 JRE (1.8.0_45-b14), built on Apr 10 2015 10:46:38 by "java_re" with gcc 4.2.1 (Based on Apple Inc. build 5658) (LLVM build 2336.11.00)

time: Tue May 23 16:49:50 2017
elapsed time: 5942 seconds (0d 1h 39m 2s)

